<?xml version="1.0" encoding="UTF-8"?>
<!-- Generated by org.testng.reporters.JUnitReportReporter -->
<testsuite hostname="Niteshs-MacBook-Air.local" failures="0" tests="1" name="com.Germany.TestScripts.LoginFail" time="1.999" errors="0" timestamp="2024-09-10T23:39:24 IST" skipped="0">
  <testcase classname="com.Germany.TestScripts.LoginFail" name="loginfail" time="1.999"/>
</testsuite> <!-- com.Germany.TestScripts.LoginFail -->
